{
  "RSpec": {
    "coverage": {
      "C:/Users/Ikmich/Documents/Vagrant/workspace/Bucketlist_Api/test/controllers/items_controller_test.rb": [
        1,
        null,
        1,
        null,
        null,
        null,
        null
      ],
      "C:/Users/Ikmich/Documents/Vagrant/workspace/Bucketlist_Api/test/controllers/lists_controller_test.rb": [
        1,
        null,
        1,
        null,
        null,
        null,
        null
      ],
      "C:/Users/Ikmich/Documents/Vagrant/workspace/Bucketlist_Api/test/controllers/users_controller_test.rb": [
        1,
        null,
        1,
        null,
        null,
        null,
        null
      ],
      "C:/Users/Ikmich/Documents/Vagrant/workspace/Bucketlist_Api/test/models/item_test.rb": [
        1,
        null,
        1,
        null,
        null,
        null,
        null
      ],
      "C:/Users/Ikmich/Documents/Vagrant/workspace/Bucketlist_Api/test/models/list_test.rb": [
        1,
        null,
        1,
        null,
        null,
        null,
        null
      ],
      "C:/Users/Ikmich/Documents/Vagrant/workspace/Bucketlist_Api/test/models/user_test.rb": [
        1,
        null,
        1,
        null,
        null,
        null,
        null
      ],
      "C:/Users/Ikmich/Documents/Vagrant/workspace/Bucketlist_Api/app/models/user.rb": [
        1,
        1,
        1,
        1,
        null,
        1,
        1,
        1,
        null,
        null,
        1,
        null
      ],
      "C:/Users/Ikmich/Documents/Vagrant/workspace/Bucketlist_Api/app/controllers/api/v1/auth_controller.rb": [
        1,
        1,
        null,
        1,
        4,
        4,
        2,
        2,
        2,
        null,
        2,
        null,
        2,
        2,
        null,
        null,
        null,
        1,
        0,
        0,
        0,
        0,
        0,
        null,
        null,
        1,
        null,
        1,
        11,
        null,
        null
      ],
      "C:/Users/Ikmich/Documents/Vagrant/workspace/Bucketlist_Api/app/controllers/application_controller.rb": [
        1,
        null,
        1,
        1,
        0,
        0,
        0,
        0,
        0,
        null,
        0,
        0,
        0,
        null,
        null,
        null,
        1,
        0,
        null,
        null
      ],
      "C:/Users/Ikmich/Documents/Vagrant/workspace/Bucketlist_Api/app/controllers/api/auth_token.rb": [
        1,
        1,
        1,
        2,
        2,
        null,
        null,
        1,
        0,
        0,
        0,
        null,
        0,
        null,
        null,
        null
      ]
    },
    "timestamp": 1452164027
  }
}
